[0m2021.09.15 09:24:42 INFO  Started: Metals version 0.10.6 in workspace 'C:\Users\Admin\Desktop\SchoolProject\starwars-world' for client Visual Studio Code 1.52.1.[0m
[0m2021.09.15 09:24:44 INFO  time: initialize in 1.89s[0m
[0m2021.09.15 09:24:46 WARN  Build server is not auto-connectable.[0m
[0m2021.09.15 09:24:46 WARN  no build tool detected in workspace 'C:\Users\Admin\Desktop\SchoolProject\starwars-world'. The most common cause for this problem is that the editor was opened in the wrong working directory, for example if you use sbt then the workspace directory should contain build.sbt. [0m
sep 15, 2021 10:58:08 FM org.eclipse.lsp4j.jsonrpc.services.GenericEndpoint notify
INFO: Unsupported notification method: $/setTrace
sep 15, 2021 11:00:24 FM org.eclipse.lsp4j.jsonrpc.services.GenericEndpoint notify
INFO: Unsupported notification method: $/setTrace
sep 15, 2021 11:08:00 FM org.eclipse.lsp4j.jsonrpc.services.GenericEndpoint notify
INFO: Unsupported notification method: $/setTrace
sep 15, 2021 11:08:01 FM org.eclipse.lsp4j.jsonrpc.services.GenericEndpoint notify
INFO: Unsupported notification method: $/setTrace
sep 15, 2021 11:21:28 FM org.eclipse.lsp4j.jsonrpc.services.GenericEndpoint notify
INFO: Unsupported notification method: $/setTrace
sep 15, 2021 11:21:32 FM org.eclipse.lsp4j.jsonrpc.services.GenericEndpoint notify
INFO: Unsupported notification method: $/setTrace
sep 15, 2021 1:23:08 EM org.eclipse.lsp4j.jsonrpc.services.GenericEndpoint notify
INFO: Unsupported notification method: $/setTrace
[0m2021.09.15 18:17:06 INFO  shutting down Metals[0m
[0m2021.09.16 08:57:41 INFO  Started: Metals version 0.10.6 in workspace 'C:\Users\Admin\Desktop\SchoolProject\starwars-world' for client Visual Studio Code 1.52.1.[0m
[0m2021.09.16 08:57:42 INFO  time: initialize in 1.09s[0m
[0m2021.09.16 08:57:43 WARN  Build server is not auto-connectable.[0m
[0m2021.09.16 08:57:43 WARN  no build tool detected in workspace 'C:\Users\Admin\Desktop\SchoolProject\starwars-world'. The most common cause for this problem is that the editor was opened in the wrong working directory, for example if you use sbt then the workspace directory should contain build.sbt. [0m
sep 16, 2021 9:08:44 FM org.eclipse.lsp4j.jsonrpc.services.GenericEndpoint notify
INFO: Unsupported notification method: $/setTrace
[0m2021.09.17 15:46:31 INFO  Started: Metals version 0.10.6 in workspace 'C:\Users\Admin\Desktop\SchoolProject\starwars-world' for client Visual Studio Code 1.52.1.[0m
[0m2021.09.17 15:46:32 INFO  time: initialize in 1.51s[0m
[0m2021.09.17 15:46:37 WARN  Build server is not auto-connectable.[0m
[0m2021.09.17 15:46:37 WARN  no build tool detected in workspace 'C:\Users\Admin\Desktop\SchoolProject\starwars-world'. The most common cause for this problem is that the editor was opened in the wrong working directory, for example if you use sbt then the workspace directory should contain build.sbt. [0m
[0m2021.09.19 13:11:52 INFO  Started: Metals version 0.10.6 in workspace 'C:\Users\Admin\Desktop\SchoolProject\starwars-world' for client Visual Studio Code 1.52.1.[0m
[0m2021.09.19 13:11:53 INFO  time: initialize in 1.18s[0m
[0m2021.09.19 13:11:58 WARN  Build server is not auto-connectable.[0m
[0m2021.09.19 13:11:58 WARN  no build tool detected in workspace 'C:\Users\Admin\Desktop\SchoolProject\starwars-world'. The most common cause for this problem is that the editor was opened in the wrong working directory, for example if you use sbt then the workspace directory should contain build.sbt. [0m
sep 19, 2021 1:12:17 EM org.eclipse.lsp4j.jsonrpc.services.GenericEndpoint notify
INFO: Unsupported notification method: $/setTrace
[0m2021.09.20 08:44:59 INFO  Started: Metals version 0.10.7 in workspace 'C:\Users\Admin\Desktop\SchoolProject\starwars-world' for client Visual Studio Code 1.52.1.[0m
[0m2021.09.20 08:45:00 INFO  time: initialize in 1.27s[0m
[0m2021.09.20 08:45:06 WARN  Build server is not auto-connectable.[0m
[0m2021.09.20 08:45:06 WARN  no build tool detected in workspace 'C:\Users\Admin\Desktop\SchoolProject\starwars-world'. The most common cause for this problem is that the editor was opened in the wrong working directory, for example if you use sbt then the workspace directory should contain build.sbt. [0m
[0m2021.09.20 15:23:26 INFO  Started: Metals version 0.10.7 in workspace 'C:\Users\Admin\Desktop\SchoolProject\starwars-world' for client Visual Studio Code 1.52.1.[0m
[0m2021.09.20 15:23:27 INFO  time: initialize in 1.22s[0m
[0m2021.09.20 15:23:32 WARN  Build server is not auto-connectable.[0m
[0m2021.09.20 15:23:32 WARN  no build tool detected in workspace 'C:\Users\Admin\Desktop\SchoolProject\starwars-world'. The most common cause for this problem is that the editor was opened in the wrong working directory, for example if you use sbt then the workspace directory should contain build.sbt. [0m
sep 20, 2021 3:41:37 EM org.eclipse.lsp4j.jsonrpc.services.GenericEndpoint notify
INFO: Unsupported notification method: $/setTrace
[0m2021.09.21 14:13:49 INFO  shutting down Metals[0m
[0m2021.09.21 14:22:28 INFO  Started: Metals version 0.10.7 in workspace 'C:\Users\Admin\Desktop\SchoolProject\starwars-world' for client Visual Studio Code 1.52.1.[0m
[0m2021.09.21 14:22:29 INFO  time: initialize in 1.33s[0m
[0m2021.09.21 14:22:30 WARN  Build server is not auto-connectable.[0m
[0m2021.09.21 14:22:30 WARN  no build tool detected in workspace 'C:\Users\Admin\Desktop\SchoolProject\starwars-world'. The most common cause for this problem is that the editor was opened in the wrong working directory, for example if you use sbt then the workspace directory should contain build.sbt. [0m
sep 21, 2021 2:31:22 EM org.eclipse.lsp4j.jsonrpc.services.GenericEndpoint notify
INFO: Unsupported notification method: $/setTrace
